proguard/mapping.txt
com.squareup.okhttp.internal.spdy.SpdyStream$SpdyDataSink -> com.squareup.okhttp.internal.spdy.SpdyStream$SpdyDataSink:
    long EMIT_BUFFER_SIZE -> EMIT_BUFFER_SIZE
    okio.Buffer sendBuffer -> sendBuffer
    boolean closed -> closed
    boolean finished -> finished
    boolean $assertionsDisabled -> $assertionsDisabled
    com.squareup.okhttp.internal.spdy.SpdyStream this$0 -> this$0
    void write(okio.Buffer,long) -> write
    void emitDataFrame(boolean) -> emitDataFrame
    void flush() -> flush
    okio.Timeout timeout() -> timeout
    void close() -> close
    boolean access$202(com.squareup.okhttp.internal.spdy.SpdyStream$SpdyDataSink,boolean) -> access$202
    boolean access$200(com.squareup.okhttp.internal.spdy.SpdyStream$SpdyDataSink) -> access$200
    boolean access$400(com.squareup.okhttp.internal.spdy.SpdyStream$SpdyDataSink) -> access$400
com.squareup.okhttp.internal.spdy.SpdyStream$SpdyDataSource -> com.squareup.okhttp.internal.spdy.SpdyStream$SpdyDataSource:
    okio.Buffer receiveBuffer -> receiveBuffer
    okio.Buffer readBuffer -> readBuffer
    long maxByteCount -> maxByteCount
    boolean closed -> closed
    boolean finished -> finished
    boolean $assertionsDisabled -> $assertionsDisabled
    com.squareup.okhttp.internal.spdy.SpdyStream this$0 -> this$0
    long read(okio.Buffer,long) -> read
    void waitUntilReadable() -> waitUntilReadable
    void receive(okio.BufferedSource,long) -> receive
    okio.Timeout timeout() -> timeout
    void close() -> close
    void checkNotClosed() -> checkNotClosed
    boolean access$102(com.squareup.okhttp.internal.spdy.SpdyStream$SpdyDataSource,boolean) -> access$102
    boolean access$100(com.squareup.okhttp.internal.spdy.SpdyStream$SpdyDataSource) -> access$100
    boolean access$300(com.squareup.okhttp.internal.spdy.SpdyStream$SpdyDataSource) -> access$300
com.squareup.okhttp.internal.spdy.SpdyStream$SpdyTimeout -> com.squareup.okhttp.internal.spdy.SpdyStream$SpdyTimeout:
    com.squareup.okhttp.internal.spdy.SpdyStream this$0 -> this$0
    void timedOut() -> timedOut
    void exitAndThrowIfTimedOut() -> exitAndThrowIfTimedOut
com.squareup.okhttp.internal.spdy.Variant -> com.squareup.okhttp.internal.spdy.Variant:
    com.squareup.okhttp.Protocol getProtocol() -> getProtocol
    com.squareup.okhttp.internal.spdy.FrameReader newReader(okio.BufferedSource,boolean) -> newReader
    com.squareup.okhttp.internal.spdy.FrameWriter newWriter(okio.BufferedSink,boolean) -> newWriter
com.squareup.okhttp.internal.tls.DistinguishedNameParser -> com.squareup.okhttp.internal.tls.DistinguishedNameParser:
    java.lang.String dn -> dn
    int length -> length
    int pos -> pos
    int beg -> beg
    int end -> end
    int cur -> cur
    char[] chars -> chars
    java.lang.String nextAT() -> nextAT
    java.lang.String quotedAV() -> quotedAV
    java.lang.String hexAV() -> hexAV
    java.lang.String escapedAV() -> escapedAV
    char getEscaped() -> getEscaped
    char getUTF8() -> getUTF8
    int getByte(int) -> getByte
    java.lang.String findMostSpecific(java.lang.String) -> findMostSpecific